fun3_qrcodedemo/build/outputs/logs/manifest-merger-debug-report.txt
-- Merging decision tree log ---
manifest
ADDED from src\main\AndroidManifest.xml:2:1-32:12
	package
		ADDED from src\main\AndroidManifest.xml:3:5-43
		INJECTED from src\main\AndroidManifest.xml
		INJECTED from src\main\AndroidManifest.xml
	android:versionName
		INJECTED from src\main\AndroidManifest.xml
		INJECTED from src\main\AndroidManifest.xml
	xmlns:android
		ADDED from src\main\AndroidManifest.xml:2:11-69
	android:versionCode
		INJECTED from src\main\AndroidManifest.xml
		INJECTED from src\main\AndroidManifest.xml
uses-permission#android.permission.CAMERA
ADDED from src\main\AndroidManifest.xml:4:5-65
	android:name
		ADDED from src\main\AndroidManifest.xml:4:22-62
uses-permission#android.permission.FLASHLIGHT
ADDED from src\main\AndroidManifest.xml:5:5-69
	android:name
		ADDED from src\main\AndroidManifest.xml:5:22-66
uses-feature#android.hardware.camera
ADDED from src\main\AndroidManifest.xml:7:5-60
	android:name
		ADDED from src\main\AndroidManifest.xml:7:19-57
uses-feature#android.hardware.camera.autofocus
ADDED from src\main\AndroidManifest.xml:8:5-70
	android:name
		ADDED from src\main\AndroidManifest.xml:8:19-67
uses-permission#android.permission.VIBRATE
ADDED from src\main\AndroidManifest.xml:10:5-66
	android:name
		ADDED from src\main\AndroidManifest.xml:10:22-63
uses-permission#android.permission.WAKE_LOCK
ADDED from src\main\AndroidManifest.xml:11:5-68
	android:name
		ADDED from src\main\AndroidManifest.xml:11:22-65
uses-permission#android.permission.READ_EXTERNAL_STORAGE
ADDED from src\main\AndroidManifest.xml:12:5-80
	android:name
		ADDED from src\main\AndroidManifest.xml:12:22-77
uses-permission#android.permission.WRITE_EXTERNAL_STORAGE
ADDED from src\main\AndroidManifest.xml:13:5-81
	android:name
		ADDED from src\main\AndroidManifest.xml:13:22-78
uses-permission#android.permission.INTERNET
ADDED from src\main\AndroidManifest.xml:14:5-67
	android:name
		ADDED from src\main\AndroidManifest.xml:14:22-64
application
ADDED from src\main\AndroidManifest.xml:15:5-30:19
MERGED from [com.android.support.constraint:constraint-layout:1.0.2] AndroidManifest.xml:9:5-20
MERGED from [cn.yipianfengye.android:zxing-library:2.2] AndroidManifest.xml:11:5-18:19
MERGED from [com.android.support:appcompat-v7:25.1.1] AndroidManifest.xml:25:5-20
MERGED from [com.android.support:animated-vector-drawable:25.1.1] AndroidManifest.xml:22:5-20
MERGED from [com.android.support:support-vector-drawable:25.1.1] AndroidManifest.xml:23:5-20
MERGED from [com.android.support:support-v4:25.1.1] AndroidManifest.xml:25:5-20
MERGED from [com.android.support:support-fragment:25.1.1] AndroidManifest.xml:25:5-20
MERGED from [com.android.support:support-media-compat:25.1.1] AndroidManifest.xml:25:5-20
MERGED from [com.android.support:support-core-ui:25.1.1] AndroidManifest.xml:25:5-20
MERGED from [com.android.support:support-core-utils:25.1.1] AndroidManifest.xml:25:5-20
MERGED from [com.android.support:support-compat:25.1.1] AndroidManifest.xml:25:5-20
	android:label
		ADDED from src\main\AndroidManifest.xml:19:9-41
	android:supportsRtl
		ADDED from src\main\AndroidManifest.xml:21:9-35
	android:roundIcon
		ADDED from src\main\AndroidManifest.xml:20:9-54
	android:allowBackup
		ADDED from src\main\AndroidManifest.xml:17:9-35
	android:icon
		ADDED from src\main\AndroidManifest.xml:18:9-43
	android:theme
		ADDED from src\main\AndroidManifest.xml:22:9-40
	android:name
		ADDED from src\main\AndroidManifest.xml:16:9-40
activity#com.xcode126.fun3_qrcodedemo.MainActivity
ADDED from src\main\AndroidManifest.xml:23:9-29:20
	android:name
		ADDED from src\main\AndroidManifest.xml:23:19-47
intent-filter#android.intent.action.MAIN+android.intent.category.LAUNCHER
ADDED from src\main\AndroidManifest.xml:24:13-28:29
action#android.intent.action.MAIN
ADDED from src\main\AndroidManifest.xml:25:17-69
	android:name
		ADDED from src\main\AndroidManifest.xml:25:25-66
category#android.intent.category.LAUNCHER
ADDED from src\main\AndroidManifest.xml:27:17-77
	android:name
		ADDED from src\main\AndroidManifest.xml:27:27-74
uses-sdk
INJECTED from src\main\AndroidManifest.xml reason: use-sdk injection requested
MERGED from [com.android.support.constraint:constraint-layout:1.0.2] AndroidManifest.xml:5:5-7:41
MERGED from [cn.yipianfengye.android:zxing-library:2.2] AndroidManifest.xml:7:5-9:41
MERGED from [com.android.support:appcompat-v7:25.1.1] AndroidManifest.xml:21:5-23:78
MERGED from [com.android.support:animated-vector-drawable:25.1.1] AndroidManifest.xml:20:5-44
MERGED from [com.android.support:support-vector-drawable:25.1.1] AndroidManifest.xml:21:5-43
MERGED from [com.android.support:support-v4:25.1.1] AndroidManifest.xml:21:5-23:54
MERGED from [com.android.support:support-fragment:25.1.1] AndroidManifest.xml:21:5-23:60
MERGED from [com.android.support:support-media-compat:25.1.1] AndroidManifest.xml:21:5-23:63
MERGED from [com.android.support:support-core-ui:25.1.1] AndroidManifest.xml:21:5-23:58
MERGED from [com.android.support:support-core-utils:25.1.1] AndroidManifest.xml:21:5-23:61
MERGED from [com.android.support:support-compat:25.1.1] AndroidManifest.xml:21:5-23:58
	tools:overrideLibrary
		ADDED from [com.android.support:appcompat-v7:25.1.1] AndroidManifest.xml:23:9-75
	android:targetSdkVersion
		INJECTED from src\main\AndroidManifest.xml
		INJECTED from src\main\AndroidManifest.xml
	android:minSdkVersion
		INJECTED from src\main\AndroidManifest.xml
		INJECTED from src\main\AndroidManifest.xml
activity#com.uuzuche.lib_zxing.activity.CaptureActivity
ADDED from [cn.yipianfengye.android:zxing-library:2.2] AndroidManifest.xml:12:9-17:63
	android:screenOrientation
		ADDED from [cn.yipianfengye.android:zxing-library:2.2] AndroidManifest.xml:15:13-49
	android:windowSoftInputMode
		ADDED from [cn.yipianfengye.android:zxing-library:2.2] AndroidManifest.xml:17:13-60
	android:configChanges
		ADDED from [cn.yipianfengye.android:zxing-library:2.2] AndroidManifest.xml:14:13-63
	android:theme
		ADDED from [cn.yipianfengye.android:zxing-library:2.2] AndroidManifest.xml:16:13-63
	android:name
		ADDED from [cn.yipianfengye.android:zxing-library:2.2] AndroidManifest.xml:13:13-74